This is XeTeX, Version 3.1415926-2.5-0.9999.3 (TeX Live 2013/Debian) (format=xelatex 2016.5.2)  17 JUN 2016 07:27
entering extended mode
 restricted \write18 enabled.
 %&-line parsing enabled.
**renduP1.tex
(./renduP1.tex
LaTeX2e <2011/06/27>
Babel <3.9h> and hyphenation patterns for 78 languages loaded.
(/usr/share/texlive/texmf-dist/tex/latex/base/report.cls
Document Class: report 2007/10/19 v1.4h Standard LaTeX document class
(/usr/share/texlive/texmf-dist/tex/latex/base/size10.clo
File: size10.clo 2007/10/19 v1.4h Standard LaTeX file (size option)
)
\c@part=\count80
\c@chapter=\count81
\c@section=\count82
\c@subsection=\count83
\c@subsubsection=\count84
\c@paragraph=\count85
\c@subparagraph=\count86
\c@figure=\count87
\c@table=\count88
\abovecaptionskip=\skip41
\belowcaptionskip=\skip42
\bibindent=\dimen102
)
(/usr/share/texlive/texmf-dist/tex/latex/base/inputenc.sty
Package: inputenc 2008/03/30 v1.1d Input encoding file
\inpenc@prehook=\toks14
\inpenc@posthook=\toks15

(/usr/share/texlive/texmf-dist/tex/latex/base/latin1.def
File: latin1.def 2008/03/30 v1.1d Input encoding file
))
(/usr/share/texlive/texmf-dist/tex/latex/base/fontenc.sty
Package: fontenc 2005/09/27 v1.99g Standard LaTeX package

(/usr/share/texlive/texmf-dist/tex/latex/base/t1enc.def
File: t1enc.def 2005/09/27 v1.99g Standard LaTeX file
LaTeX Font Info:    Redeclaring font encoding T1 on input line 43.
))
(/usr/share/texlive/texmf-dist/tex/generic/babel/babel.sty
Package: babel 2013/12/03 3.9h The Babel package

(/usr/share/texlive/texmf-dist/tex/generic/babel-french/frenchb.ldf
Language: frenchb 2013/12/30 v2.6g French support from the babel system

(/usr/share/texlive/texmf-dist/tex/generic/babel/babel.def
File: babel.def 2013/12/03 3.9h Babel common definitions
\babel@savecnt=\count89
\U@D=\dimen103

(/usr/share/texlive/texmf-dist/tex/generic/babel/xebabel.def))
\FB@interchartokenstateORI=\count90
Package frenchb.ldf Info: No need for active punctuation characters 
(frenchb.ldf)             with this version of XeTeX! reported on input line 14
3.
\FB@punctthick=\XeTeXintercharclass4
\FB@punctthin=\XeTeXintercharclass5
\FB@punctnul=\XeTeXintercharclass6
\FB@punctguilo=\XeTeXintercharclass7
\FB@punctguilf=\XeTeXintercharclass8
\FB@Mht=\dimen104
LaTeX Info: Redefining \degres on input line 506.
\std@mcc=\count91
\dec@mcc=\count92
\listindentFB=\skip43
\labelwidthFB=\skip44
\leftmarginFB=\skip45
\parindentFFN=\dimen105
))
(/usr/share/texlive/texmf-dist/tex/latex/carlisle/scalefnt.sty)
(/usr/share/texlive/texmf-dist/tex/latex/graphics/keyval.sty
Package: keyval 1999/03/16 v1.13 key=value parser (DPC)
\KV@toks@=\toks16
)
(/usr/share/texlive/texmf-dist/tex/latex/geometry/geometry.sty
Package: geometry 2010/09/12 v5.6 Page Geometry

(/usr/share/texlive/texmf-dist/tex/generic/oberdiek/ifpdf.sty
Package: ifpdf 2011/01/30 v2.3 Provides the ifpdf switch (HO)
Package ifpdf Info: pdfTeX in PDF mode is not detected.
)
(/usr/share/texlive/texmf-dist/tex/generic/oberdiek/ifvtex.sty
Package: ifvtex 2010/03/01 v1.5 Detect VTeX and its facilities (HO)
Package ifvtex Info: VTeX not detected.
)
(/usr/share/texlive/texmf-dist/tex/generic/ifxetex/ifxetex.sty
Package: ifxetex 2010/09/12 v0.6 Provides ifxetex conditional
)
\Gm@cnth=\count93
\Gm@cntv=\count94
\c@Gm@tempcnt=\count95
\Gm@bindingoffset=\dimen106
\Gm@wd@mp=\dimen107
\Gm@odd@mp=\dimen108
\Gm@even@mp=\dimen109
\Gm@layoutwidth=\dimen110
\Gm@layoutheight=\dimen111
\Gm@layouthoffset=\dimen112
\Gm@layoutvoffset=\dimen113
\Gm@dimlist=\toks17
)
(/usr/share/texlive/texmf-dist/tex/latex/graphics/graphicx.sty
Package: graphicx 1999/02/16 v1.0f Enhanced LaTeX Graphics (DPC,SPQR)

(/usr/share/texlive/texmf-dist/tex/latex/graphics/graphics.sty
Package: graphics 2009/02/05 v1.0o Standard LaTeX Graphics (DPC,SPQR)

(/usr/share/texlive/texmf-dist/tex/latex/graphics/trig.sty
Package: trig 1999/03/16 v1.09 sin cos tan (DPC)
)
(/usr/share/texlive/texmf-dist/tex/latex/latexconfig/graphics.cfg
File: graphics.cfg 2010/04/23 v1.9 graphics configuration of TeX Live
)
Package graphics Info: Driver file: xetex.def on input line 91.

(/usr/share/texlive/texmf-dist/tex/xelatex/xetex-def/xetex.def
File: xetex.def 2013/04/29 v0.96 LaTeX color/graphics driver for XeTeX (RRM/JK)

))
\Gin@req@height=\dimen114
\Gin@req@width=\dimen115
)
(/usr/share/texlive/texmf-dist/tex/latex/amsmath/amsmath.sty
Package: amsmath 2013/01/14 v2.14 AMS math features
\@mathmargin=\skip46

For additional information on amsmath, use the `?' option.
(/usr/share/texlive/texmf-dist/tex/latex/amsmath/amstext.sty
Package: amstext 2000/06/29 v2.01

(/usr/share/texlive/texmf-dist/tex/latex/amsmath/amsgen.sty
File: amsgen.sty 1999/11/30 v2.0
\@emptytoks=\toks18
\ex@=\dimen116
))
(/usr/share/texlive/texmf-dist/tex/latex/amsmath/amsbsy.sty
Package: amsbsy 1999/11/29 v1.2d
\pmbraise@=\dimen117
)
(/usr/share/texlive/texmf-dist/tex/latex/amsmath/amsopn.sty
Package: amsopn 1999/12/14 v2.01 operator names
)
\inf@bad=\count96
LaTeX Info: Redefining \frac on input line 210.
\uproot@=\count97
\leftroot@=\count98
LaTeX Info: Redefining \overline on input line 306.
\classnum@=\count99
\DOTSCASE@=\count100
LaTeX Info: Redefining \ldots on input line 378.
LaTeX Info: Redefining \dots on input line 381.
LaTeX Info: Redefining \cdots on input line 466.
\Mathstrutbox@=\box26
\strutbox@=\box27
\big@size=\dimen118
LaTeX Font Info:    Redeclaring font encoding OML on input line 566.
LaTeX Font Info:    Redeclaring font encoding OMS on input line 567.
\macc@depth=\count101
\c@MaxMatrixCols=\count102
\dotsspace@=\muskip10
\c@parentequation=\count103
\dspbrk@lvl=\count104
\tag@help=\toks19
\row@=\count105
\column@=\count106
\maxfields@=\count107
\andhelp@=\toks20
\eqnshift@=\dimen119
\alignsep@=\dimen120
\tagshift@=\dimen121
\tagwidth@=\dimen122
\totwidth@=\dimen123
\lineht@=\dimen124
\@envbody=\toks21
\multlinegap=\skip47
\multlinetaggap=\skip48
\mathdisplay@stack=\toks22
LaTeX Info: Redefining \[ on input line 2665.
LaTeX Info: Redefining \] on input line 2666.
)
(/usr/share/texlive/texmf-dist/tex/latex/amsfonts/amsfonts.sty
Package: amsfonts 2013/01/14 v3.01 Basic AMSFonts support
\symAMSa=\mathgroup4
\symAMSb=\mathgroup5
LaTeX Font Info:    Overwriting math alphabet `\mathfrak' in version `bold'
(Font)                  U/euf/m/n --> U/euf/b/n on input line 106.
)
(/usr/share/texlive/texmf-dist/tex/latex/amsfonts/amssymb.sty
Package: amssymb 2013/01/14 v3.01 AMS font symbols
)
(/usr/share/texlive/texmf-dist/tex/latex/parallel/parallel.sty
Package: parallel 2003/04/13, setting two texts parallel (me)

`parallel': setting two texts parallel, (beta 4) 2003/04/13.
\ParallelLWidth=\dimen125
\ParallelRWidth=\dimen126
\ParallelTextWidth=\dimen127
\ParallelLeftMargin=\dimen128
\ParallelUserMidSkip=\dimen129
\ParallelMainMidSkip=\dimen130
\ParallelLBox=\box28
\ParallelRBox=\box29
\ParallelBoxVar=\box30
\ParallelLTok=\box31
\ParallelRTok=\box32
\ParallelBoolVar=\count108
\ParallelBoolMid=\count109
\ParallelWhichBox=\count110
\ParallelMainMode=\count111
\ParallelFNMode=\count112
\ParallelLFNCounter=\count113
\ParallelRFNCounter=\count114
\ParallelMaxFN=\count115
\ParallelFNNumMode=\count116
)
(/usr/share/texlive/texmf-dist/tex/latex/float/float.sty
Package: float 2001/11/08 v1.3d Float enhancements (AL)
\c@float@type=\count117
\float@exts=\toks23
\float@box=\box33
\@float@everytoks=\toks24
\@floatcapt=\box34
)
\@float@every@table=\toks25

(/usr/share/texlive/texmf-dist/tex/latex/algorithm2e/algorithm2e.sty
Invalid UTF-8 byte or sequence at line 164 replaced by U+FFFD.
Invalid UTF-8 byte or sequence at line 414 replaced by U+FFFD.
Package: algorithm2e 2013/01/06 v5.00 algorithms environments
\c@AlgoLine=\count118

(/usr/share/texlive/texmf-dist/tex/latex/base/ifthen.sty
Package: ifthen 2001/05/26 v1.1c Standard LaTeX ifthen package (DPC)
)
(/usr/share/texlive/texmf-dist/tex/latex/tools/xspace.sty
Package: xspace 2009/10/20 v1.13 Space after command names (DPC,MH)
)
(/usr/share/texlive/texmf-dist/tex/latex/relsize/relsize.sty
Package: relsize 2013/03/29 ver 4.1
)
********************************************************
Package `algorithm2e' Release 5.0 -- january 06 2013 --
- algorithm2e-announce@lirmm.fr mailing list for announcement about releases
- algorithm2e-discussion@lirmm.fr mailing list for discussion about package
subscribe by emailing sympa@lirmm.fr with 'subscribe <list> <firstname name>'
- Author: Christophe Fiorio (cfiorio@um2.fr)
********************************************************
\skiptotal=\skip49
\skiplinenumber=\skip50
\skiprule=\skip51
\skiphlne=\skip52
\skiptext=\skip53
\skiplength=\skip54
\algomargin=\skip55
\skipalgocfslide=\skip56
\algowidth=\dimen131
\inoutsize=\dimen132
\inoutindent=\dimen133
\interspacetitleruled=\dimen134
\interspacealgoruled=\dimen135
\interspacetitleboxruled=\dimen136
\algocf@inoutbox=\box35
\algocf@inputbox=\box36
\AlCapSkip=\skip57
\AlCapHSkip=\skip58
\algoskipindent=\skip59
\algocf@nlbox=\box37
\algocf@hangingbox=\box38
\algocf@untilbox=\box39
\algocf@skipuntil=\skip60
\algocf@capbox=\box40
\algoheightruledefault=\skip61
\algoheightrule=\skip62
\algotitleheightruledefault=\skip63
\algotitleheightrule=\skip64
\c@algocfline=\count119
\c@algocfproc=\count120
\c@algocf=\count121
\algocf@algoframe=\box41
\algocf@algobox=\box42
) (./renduP1.aux)
\openout1 = `renduP1.aux'.

LaTeX Font Info:    Checking defaults for OML/cmm/m/it on input line 17.
LaTeX Font Info:    ... okay on input line 17.
LaTeX Font Info:    Checking defaults for T1/cmr/m/n on input line 17.
LaTeX Font Info:    ... okay on input line 17.
LaTeX Font Info:    Checking defaults for OT1/cmr/m/n on input line 17.
LaTeX Font Info:    ... okay on input line 17.
LaTeX Font Info:    Checking defaults for OMS/cmsy/m/n on input line 17.
LaTeX Font Info:    ... okay on input line 17.
LaTeX Font Info:    Checking defaults for OMX/cmex/m/n on input line 17.
LaTeX Font Info:    ... okay on input line 17.
LaTeX Font Info:    Checking defaults for U/cmr/m/n on input line 17.
LaTeX Font Info:    ... okay on input line 17.
LaTeX Info: Redefining \dots on input line 17.
LaTeX Info: Redefining \up on input line 17.


Package frenchb.ldf Warning: Add \usepackage{xltxtra} to the
(frenchb.ldf)                preamble of your document, on input line 17.

*geometry* driver: auto-detecting
*geometry* detected driver: xetex
*geometry* verbose mode - [ preamble ] result:
* driver: xetex
* paper: <default>
* layout: <same size as paper>
* layoutoffset:(h,v)=(0.0pt,0.0pt)
* modes: 
* h-part:(L,W,R)=(71.13188pt, 472.03123pt, 71.13188pt)
* v-part:(T,H,B)=(71.13188pt, 652.70622pt, 71.13188pt)
* \paperwidth=614.295pt
* \paperheight=794.96999pt
* \textwidth=472.03123pt
* \textheight=652.70622pt
* \oddsidemargin=-1.1381pt
* \evensidemargin=-1.1381pt
* \topmargin=-38.1381pt
* \headheight=12.0pt
* \headsep=25.0pt
* \topskip=10.0pt
* \footskip=30.0pt
* \marginparwidth=65.0pt
* \marginparsep=11.0pt
* \columnsep=10.0pt
* \skip\footins=9.0pt plus 4.0pt minus 2.0pt
* \hoffset=0.0pt
* \voffset=0.0pt
* \mag=1000
* \@twocolumnfalse
* \@twosidefalse
* \@mparswitchfalse
* \@reversemarginfalse
* (1in=72.27pt=25.4mm, 1cm=28.453pt)

LaTeX Font Info:    Try loading font information for U+msa on input line 37.
(/usr/share/texlive/texmf-dist/tex/latex/amsfonts/umsa.fd
File: umsa.fd 2013/01/14 v3.01 AMS symbols A
)
LaTeX Font Info:    Try loading font information for U+msb on input line 37.

(/usr/share/texlive/texmf-dist/tex/latex/amsfonts/umsb.fd
File: umsb.fd 2013/01/14 v3.01 AMS symbols B
)
! Missing $ inserted.
<inserted text> 
                $
l.37 ... \bfseries  Compilateur du langage $\mu$C^
                                                  {\#}}\\[0.4cm] % Title of ...
I've inserted a begin-math/end-math symbol since I think
you left one out. Proceed, with fingers crossed.

! Extra }, or forgotten $.
l.37 ...eries  Compilateur du langage $\mu$C^{\#}}
                                                  \\[0.4cm] % Title of your ...
I've deleted a group-closing symbol because it seems to be
spurious, as in `$x}$'. But perhaps the } is legitimate and
you forgot something else, as in `\hbox{$x}'. In such cases
the way to recover is to insert both the forgotten and the
deleted material, e.g., by typing `I$}'.


! LaTeX Error: There's no line here to end.

See the LaTeX manual or LaTeX Companion for explanation.
Type  H <return>  for immediate help.
 ...                                              
                                                  
l.37 ...ies  Compilateur du langage $\mu$C^{\#}}\\
                                                  [0.4cm] % Title of your do...

Your command was ignored.
Type  I <command> <return>  to replace it with another command,
or  <return>  to continue without it.

! Missing $ inserted.
<inserted text> 
                $
l.37 ...ies  Compilateur du langage $\mu$C^{\#}}\\
                                                  [0.4cm] % Title of your do...
I've inserted a begin-math/end-math symbol since I think
you left one out. Proceed, with fingers crossed.

! Missing } inserted.
<inserted text> 
                }
l.37 ...ies  Compilateur du langage $\mu$C^{\#}}\\
                                                  [0.4cm] % Title of your do...
I've inserted something that you may have forgotten.
(See the <inserted text> above.)
With luck, this will get me unwedged. But if you
really didn't forget anything, try typing `2' now; then
my insertion and my current dilemma will both disappear.

[1

] (./renduP1.toc)
\tf@toc=\write3
\openout3 = `renduP1.toc'.

 [1

]
Chapitre 1.
File: UML.png Graphic file (type QTm)
<use  "UML.png" >
File: UMLSTRUCT.png Graphic file (type QTm)
 <use  "UMLSTRUCT.png" > [2

]
Underfull \hbox (badness 10000) in paragraph at lines 91--92

 []


Underfull \hbox (badness 10000) in paragraph at lines 94--95

 []


Underfull \hbox (badness 10000) in paragraph at lines 95--96

 []

Missing character: There is no … in font ecrm1000!

Underfull \hbox (badness 10000) in paragraph at lines 96--97

 []

Missing character: There is no … in font ecrm1000!
Missing character: There is no ’ in font ecrm1000!
Missing character: There is no ’ in font ecrm1000!
Missing character: There is no ’ in font ecrm1000!
Missing character: There is no ’ in font ecrm1000!
Missing character: There is no ’ in font ecrm1000!
Missing character: There is no ’ in font ecrm1000!

Underfull \hbox (badness 10000) in paragraph at lines 97--98

 []

[3]
Chapitre 2.

Underfull \hbox (badness 10000) in paragraph at lines 106--107

 []


Underfull \hbox (badness 10000) in paragraph at lines 107--108

 []


Underfull \hbox (badness 10000) in paragraph at lines 108--109

 []

Missing character: There is no ’ in font ecrm1000!
Missing character: There is no ’ in font ecrm1000!
Missing character: There is no ’ in font ecrm1000!

Underfull \hbox (badness 10000) in paragraph at lines 109--110

 []

Missing character: There is no ’ in font ecrm1000!
Missing character: There is no ’ in font ecrm1000!
Missing character: There is no ’ in font ecrm1000!

Underfull \hbox (badness 10000) in paragraph at lines 110--111

 []

Missing character: There is no ’ in font ecrm1000!
Missing character: There is no ’ in font ecrm1000!
Missing character: There is no ’ in font ecrm1000!
Missing character: There is no ’ in font ecrm1000!
Missing character: There is no ’ in font ecrm1000!
Missing character: There is no ’ in font ecrm1000!
Missing character: There is no ’ in font ecrm1000!
Missing character: There is no ’ in font ecrm1000!
Missing character: There is no ’ in font ecrm1000!

Underfull \hbox (badness 10000) in paragraph at lines 111--112

 []


Underfull \hbox (badness 10000) in paragraph at lines 112--113

 []

[4

]
Chapitre 3.
[5

] (./renduP1.aux) ) 
Here is how much of TeX's memory you used:
 4525 strings out of 493918
 59333 string characters out of 6150564
 152391 words of memory out of 5000000
 7801 multiletter control sequences out of 15000+600000
 16295 words of font info for 43 fonts, out of 8000000 for 9000
 1144 hyphenation exceptions out of 8191
 27i,6n,24p,629b,253s stack positions out of 5000i,500n,10000p,200000b,80000s

Output written on renduP1.pdf (6 pages).
